mode: set
github.com/nitishgalaxy/go-rest-api/handlers/responses.go:11.49,13.2 1 0
github.com/nitishgalaxy/go-rest-api/handlers/responses.go:15.78,16.20 1 0
github.com/nitishgalaxy/go-rest-api/handlers/responses.go:30.2,31.40 2 0
github.com/nitishgalaxy/go-rest-api/handlers/responses.go:16.20,19.17 2 0
github.com/nitishgalaxy/go-rest-api/handlers/responses.go:24.3,27.9 4 0
github.com/nitishgalaxy/go-rest-api/handlers/responses.go:19.17,22.4 2 0
github.com/nitishgalaxy/go-rest-api/handlers/responses.go:35.89,38.2 2 0
github.com/nitishgalaxy/go-rest-api/handlers/rootHandler.go:5.58,7.23 1 0
github.com/nitishgalaxy/go-rest-api/handlers/rootHandler.go:13.2,14.37 2 0
github.com/nitishgalaxy/go-rest-api/handlers/rootHandler.go:7.23,11.3 3 0
github.com/nitishgalaxy/go-rest-api/handlers/usersHandler.go:14.54,16.14 1 1
github.com/nitishgalaxy/go-rest-api/handlers/usersHandler.go:20.2,20.19 1 1
github.com/nitishgalaxy/go-rest-api/handlers/usersHandler.go:24.2,24.14 1 1
github.com/nitishgalaxy/go-rest-api/handlers/usersHandler.go:28.2,29.16 2 1
github.com/nitishgalaxy/go-rest-api/handlers/usersHandler.go:33.2,33.30 1 1
github.com/nitishgalaxy/go-rest-api/handlers/usersHandler.go:16.14,18.3 1 1
github.com/nitishgalaxy/go-rest-api/handlers/usersHandler.go:20.19,22.3 1 1
github.com/nitishgalaxy/go-rest-api/handlers/usersHandler.go:24.14,26.3 1 1
github.com/nitishgalaxy/go-rest-api/handlers/usersHandler.go:29.16,31.3 1 0
github.com/nitishgalaxy/go-rest-api/handlers/usersHandler.go:36.58,39.16 2 0
github.com/nitishgalaxy/go-rest-api/handlers/usersHandler.go:44.2,44.33 1 0
github.com/nitishgalaxy/go-rest-api/handlers/usersHandler.go:49.2,49.66 1 0
github.com/nitishgalaxy/go-rest-api/handlers/usersHandler.go:39.16,42.3 2 0
github.com/nitishgalaxy/go-rest-api/handlers/usersHandler.go:44.33,47.3 2 0
github.com/nitishgalaxy/go-rest-api/handlers/usersHandler.go:52.59,55.16 3 0
github.com/nitishgalaxy/go-rest-api/handlers/usersHandler.go:60.2,63.16 3 0
github.com/nitishgalaxy/go-rest-api/handlers/usersHandler.go:72.2,73.35 2 0
github.com/nitishgalaxy/go-rest-api/handlers/usersHandler.go:55.16,58.3 2 0
github.com/nitishgalaxy/go-rest-api/handlers/usersHandler.go:63.16,64.35 1 0
github.com/nitishgalaxy/go-rest-api/handlers/usersHandler.go:69.3,69.9 1 0
github.com/nitishgalaxy/go-rest-api/handlers/usersHandler.go:64.35,66.4 1 0
github.com/nitishgalaxy/go-rest-api/handlers/usersHandler.go:66.9,68.4 1 0
github.com/nitishgalaxy/go-rest-api/handlers/usersHandler.go:76.76,79.16 3 0
github.com/nitishgalaxy/go-rest-api/handlers/usersHandler.go:84.2,87.16 3 0
github.com/nitishgalaxy/go-rest-api/handlers/usersHandler.go:96.2,96.61 1 0
github.com/nitishgalaxy/go-rest-api/handlers/usersHandler.go:79.16,82.3 2 0
github.com/nitishgalaxy/go-rest-api/handlers/usersHandler.go:87.16,88.35 1 0
github.com/nitishgalaxy/go-rest-api/handlers/usersHandler.go:93.3,93.9 1 0
github.com/nitishgalaxy/go-rest-api/handlers/usersHandler.go:88.35,90.4 1 0
github.com/nitishgalaxy/go-rest-api/handlers/usersHandler.go:90.9,92.4 1 0
github.com/nitishgalaxy/go-rest-api/handlers/usersHandler.go:99.78,103.16 2 0
github.com/nitishgalaxy/go-rest-api/handlers/usersHandler.go:113.2,114.16 2 0
github.com/nitishgalaxy/go-rest-api/handlers/usersHandler.go:119.2,122.16 3 0
github.com/nitishgalaxy/go-rest-api/handlers/usersHandler.go:131.2,131.61 1 0
github.com/nitishgalaxy/go-rest-api/handlers/usersHandler.go:103.16,104.31 1 0
github.com/nitishgalaxy/go-rest-api/handlers/usersHandler.go:109.3,110.9 2 0
github.com/nitishgalaxy/go-rest-api/handlers/usersHandler.go:104.31,107.4 2 0
github.com/nitishgalaxy/go-rest-api/handlers/usersHandler.go:114.16,117.3 2 0
github.com/nitishgalaxy/go-rest-api/handlers/usersHandler.go:122.16,123.35 1 0
github.com/nitishgalaxy/go-rest-api/handlers/usersHandler.go:128.3,128.9 1 0
github.com/nitishgalaxy/go-rest-api/handlers/usersHandler.go:123.35,125.4 1 0
github.com/nitishgalaxy/go-rest-api/handlers/usersHandler.go:125.9,127.4 1 0
github.com/nitishgalaxy/go-rest-api/handlers/usersHandler.go:134.76,137.16 2 0
github.com/nitishgalaxy/go-rest-api/handlers/usersHandler.go:147.2,147.33 1 0
github.com/nitishgalaxy/go-rest-api/handlers/usersHandler.go:152.2,152.61 1 0
github.com/nitishgalaxy/go-rest-api/handlers/usersHandler.go:137.16,138.31 1 0
github.com/nitishgalaxy/go-rest-api/handlers/usersHandler.go:143.3,144.9 2 0
github.com/nitishgalaxy/go-rest-api/handlers/usersHandler.go:138.31,141.4 2 0
github.com/nitishgalaxy/go-rest-api/handlers/usersHandler.go:147.33,150.3 2 0
github.com/nitishgalaxy/go-rest-api/handlers/usersHandler.go:155.79,159.16 2 0
github.com/nitishgalaxy/go-rest-api/handlers/usersHandler.go:169.2,169.30 1 0
github.com/nitishgalaxy/go-rest-api/handlers/usersHandler.go:159.16,160.31 1 0
github.com/nitishgalaxy/go-rest-api/handlers/usersHandler.go:165.3,166.9 2 0
github.com/nitishgalaxy/go-rest-api/handlers/usersHandler.go:160.31,163.4 2 0
github.com/nitishgalaxy/go-rest-api/handlers/usersRouter.go:11.58,16.22 3 0
github.com/nitishgalaxy/go-rest-api/handlers/usersRouter.go:40.2,42.31 2 0
github.com/nitishgalaxy/go-rest-api/handlers/usersRouter.go:47.2,49.18 2 0
github.com/nitishgalaxy/go-rest-api/handlers/usersRouter.go:16.22,17.19 1 0
github.com/nitishgalaxy/go-rest-api/handlers/usersRouter.go:18.23,20.10 2 0
github.com/nitishgalaxy/go-rest-api/handlers/usersRouter.go:22.24,24.10 2 0
github.com/nitishgalaxy/go-rest-api/handlers/usersRouter.go:26.24,28.10 2 0
github.com/nitishgalaxy/go-rest-api/handlers/usersRouter.go:30.27,32.10 2 0
github.com/nitishgalaxy/go-rest-api/handlers/usersRouter.go:34.11,36.10 2 0
github.com/nitishgalaxy/go-rest-api/handlers/usersRouter.go:42.31,45.3 2 0
github.com/nitishgalaxy/go-rest-api/handlers/usersRouter.go:50.22,52.9 2 0
github.com/nitishgalaxy/go-rest-api/handlers/usersRouter.go:54.23,56.9 2 0
github.com/nitishgalaxy/go-rest-api/handlers/usersRouter.go:58.22,60.9 2 0
github.com/nitishgalaxy/go-rest-api/handlers/usersRouter.go:62.24,64.9 2 0
github.com/nitishgalaxy/go-rest-api/handlers/usersRouter.go:66.25,68.9 2 0
github.com/nitishgalaxy/go-rest-api/handlers/usersRouter.go:70.26,72.9 2 0
github.com/nitishgalaxy/go-rest-api/handlers/usersRouter.go:74.10,75.9 1 0
github.com/nitishgalaxy/go-rest-api/user/user.go:26.28,30.16 2 1
github.com/nitishgalaxy/go-rest-api/user/user.go:34.2,38.16 4 1
github.com/nitishgalaxy/go-rest-api/user/user.go:42.2,42.19 1 1
github.com/nitishgalaxy/go-rest-api/user/user.go:30.16,32.3 1 0
github.com/nitishgalaxy/go-rest-api/user/user.go:38.16,40.3 1 0
github.com/nitishgalaxy/go-rest-api/user/user.go:46.43,50.16 2 1
github.com/nitishgalaxy/go-rest-api/user/user.go:54.2,58.16 4 1
github.com/nitishgalaxy/go-rest-api/user/user.go:62.2,62.18 1 1
github.com/nitishgalaxy/go-rest-api/user/user.go:50.16,52.3 1 0
github.com/nitishgalaxy/go-rest-api/user/user.go:58.16,60.3 1 1
github.com/nitishgalaxy/go-rest-api/user/user.go:66.37,70.16 2 1
github.com/nitishgalaxy/go-rest-api/user/user.go:74.2,80.16 4 1
github.com/nitishgalaxy/go-rest-api/user/user.go:84.2,84.30 1 1
github.com/nitishgalaxy/go-rest-api/user/user.go:70.16,72.3 1 0
github.com/nitishgalaxy/go-rest-api/user/user.go:80.16,82.3 1 0
github.com/nitishgalaxy/go-rest-api/user/user.go:88.32,90.40 1 1
github.com/nitishgalaxy/go-rest-api/user/user.go:95.2,97.16 2 1
github.com/nitishgalaxy/go-rest-api/user/user.go:101.2,103.22 2 1
github.com/nitishgalaxy/go-rest-api/user/user.go:90.40,92.3 1 0
github.com/nitishgalaxy/go-rest-api/user/user.go:97.16,99.3 1 0
github.com/nitishgalaxy/go-rest-api/user/user.go:107.36,108.21 1 1
github.com/nitishgalaxy/go-rest-api/user/user.go:112.2,112.12 1 1
github.com/nitishgalaxy/go-rest-api/user/user.go:108.21,110.3 1 0
