mode: set
github.com/nitishgalaxy/go-rest-api/cache/cache.go:25.47,28.21 2 1
github.com/nitishgalaxy/go-rest-api/cache/cache.go:34.2,34.21 1 1
github.com/nitishgalaxy/go-rest-api/cache/cache.go:28.21,30.3 1 0
github.com/nitishgalaxy/go-rest-api/cache/cache.go:30.8,32.3 1 1
github.com/nitishgalaxy/go-rest-api/cache/cache.go:37.37,42.8 4 0
github.com/nitishgalaxy/go-rest-api/cache/cache.go:46.2,46.12 1 0
github.com/nitishgalaxy/go-rest-api/cache/cache.go:42.8,44.3 1 0
github.com/nitishgalaxy/go-rest-api/cache/cache.go:49.39,50.29 1 1
github.com/nitishgalaxy/go-rest-api/cache/cache.go:50.29,51.30 1 1
github.com/nitishgalaxy/go-rest-api/cache/cache.go:51.30,53.4 1 1
github.com/nitishgalaxy/go-rest-api/cache/cache.go:58.43,59.14 1 1
github.com/nitishgalaxy/go-rest-api/cache/cache.go:63.2,63.52 1 1
github.com/nitishgalaxy/go-rest-api/cache/cache.go:59.14,61.3 1 0
github.com/nitishgalaxy/go-rest-api/cache/cache.go:67.14,71.2 3 0
github.com/nitishgalaxy/go-rest-api/cache/cache.go:74.23,76.2 1 0
github.com/nitishgalaxy/go-rest-api/cache/cache.go:79.57,80.26 1 0
github.com/nitishgalaxy/go-rest-api/cache/cache.go:83.2,83.49 1 0
github.com/nitishgalaxy/go-rest-api/cache/cache.go:87.2,88.17 2 0
github.com/nitishgalaxy/go-rest-api/cache/cache.go:92.2,94.33 3 0
github.com/nitishgalaxy/go-rest-api/cache/cache.go:98.2,98.13 1 0
github.com/nitishgalaxy/go-rest-api/cache/cache.go:80.26,82.3 1 0
github.com/nitishgalaxy/go-rest-api/cache/cache.go:83.49,85.3 1 0
github.com/nitishgalaxy/go-rest-api/cache/cache.go:88.17,90.3 1 0
github.com/nitishgalaxy/go-rest-api/cache/cache.go:94.33,96.3 1 0
github.com/nitishgalaxy/go-rest-api/cache/writer.go:19.64,27.2 1 1
github.com/nitishgalaxy/go-rest-api/cache/writer.go:30.39,32.2 1 1
github.com/nitishgalaxy/go-rest-api/cache/writer.go:35.40,39.2 3 1
github.com/nitishgalaxy/go-rest-api/cache/writer.go:41.47,43.22 2 1
github.com/nitishgalaxy/go-rest-api/cache/writer.go:46.2,48.26 3 1
github.com/nitishgalaxy/go-rest-api/cache/writer.go:43.22,45.3 1 1
github.com/nitishgalaxy/go-rest-api/handlers/usersHandler.go:15.54,17.14 1 1
github.com/nitishgalaxy/go-rest-api/handlers/usersHandler.go:21.2,21.19 1 1
github.com/nitishgalaxy/go-rest-api/handlers/usersHandler.go:25.2,25.14 1 1
github.com/nitishgalaxy/go-rest-api/handlers/usersHandler.go:29.2,30.16 2 1
github.com/nitishgalaxy/go-rest-api/handlers/usersHandler.go:34.2,34.30 1 1
github.com/nitishgalaxy/go-rest-api/handlers/usersHandler.go:17.14,19.3 1 1
github.com/nitishgalaxy/go-rest-api/handlers/usersHandler.go:21.19,23.3 1 1
github.com/nitishgalaxy/go-rest-api/handlers/usersHandler.go:25.14,27.3 1 1
github.com/nitishgalaxy/go-rest-api/handlers/usersHandler.go:30.16,32.3 1 0
github.com/nitishgalaxy/go-rest-api/handlers/usersHandler.go:37.58,38.23 1 0
github.com/nitishgalaxy/go-rest-api/handlers/usersHandler.go:42.2,44.16 2 0
github.com/nitishgalaxy/go-rest-api/handlers/usersHandler.go:49.2,49.33 1 0
github.com/nitishgalaxy/go-rest-api/handlers/usersHandler.go:54.2,55.67 2 0
github.com/nitishgalaxy/go-rest-api/handlers/usersHandler.go:38.23,40.3 1 0
github.com/nitishgalaxy/go-rest-api/handlers/usersHandler.go:44.16,47.3 2 0
github.com/nitishgalaxy/go-rest-api/handlers/usersHandler.go:49.33,52.3 2 0
github.com/nitishgalaxy/go-rest-api/handlers/usersHandler.go:58.59,61.16 3 0
github.com/nitishgalaxy/go-rest-api/handlers/usersHandler.go:66.2,69.16 3 0
github.com/nitishgalaxy/go-rest-api/handlers/usersHandler.go:78.2,80.35 3 0
github.com/nitishgalaxy/go-rest-api/handlers/usersHandler.go:61.16,64.3 2 0
github.com/nitishgalaxy/go-rest-api/handlers/usersHandler.go:69.16,70.35 1 0
github.com/nitishgalaxy/go-rest-api/handlers/usersHandler.go:75.3,75.9 1 0
github.com/nitishgalaxy/go-rest-api/handlers/usersHandler.go:70.35,72.4 1 0
github.com/nitishgalaxy/go-rest-api/handlers/usersHandler.go:72.9,74.4 1 0
github.com/nitishgalaxy/go-rest-api/handlers/usersHandler.go:83.76,86.16 3 0
github.com/nitishgalaxy/go-rest-api/handlers/usersHandler.go:91.2,94.16 3 0
github.com/nitishgalaxy/go-rest-api/handlers/usersHandler.go:103.2,106.62 3 0
github.com/nitishgalaxy/go-rest-api/handlers/usersHandler.go:86.16,89.3 2 0
github.com/nitishgalaxy/go-rest-api/handlers/usersHandler.go:94.16,95.35 1 0
github.com/nitishgalaxy/go-rest-api/handlers/usersHandler.go:100.3,100.9 1 0
github.com/nitishgalaxy/go-rest-api/handlers/usersHandler.go:95.35,97.4 1 0
github.com/nitishgalaxy/go-rest-api/handlers/usersHandler.go:97.9,99.4 1 0
github.com/nitishgalaxy/go-rest-api/handlers/usersHandler.go:109.78,113.16 2 0
github.com/nitishgalaxy/go-rest-api/handlers/usersHandler.go:123.2,124.16 2 0
github.com/nitishgalaxy/go-rest-api/handlers/usersHandler.go:129.2,132.16 3 0
github.com/nitishgalaxy/go-rest-api/handlers/usersHandler.go:141.2,144.62 3 0
github.com/nitishgalaxy/go-rest-api/handlers/usersHandler.go:113.16,114.31 1 0
github.com/nitishgalaxy/go-rest-api/handlers/usersHandler.go:119.3,120.9 2 0
github.com/nitishgalaxy/go-rest-api/handlers/usersHandler.go:114.31,117.4 2 0
github.com/nitishgalaxy/go-rest-api/handlers/usersHandler.go:124.16,127.3 2 0
github.com/nitishgalaxy/go-rest-api/handlers/usersHandler.go:132.16,133.35 1 0
github.com/nitishgalaxy/go-rest-api/handlers/usersHandler.go:138.3,138.9 1 0
github.com/nitishgalaxy/go-rest-api/handlers/usersHandler.go:133.35,135.4 1 0
github.com/nitishgalaxy/go-rest-api/handlers/usersHandler.go:135.9,137.4 1 0
github.com/nitishgalaxy/go-rest-api/handlers/usersHandler.go:147.76,148.23 1 0
github.com/nitishgalaxy/go-rest-api/handlers/usersHandler.go:152.2,154.16 2 0
github.com/nitishgalaxy/go-rest-api/handlers/usersHandler.go:164.2,164.33 1 0
github.com/nitishgalaxy/go-rest-api/handlers/usersHandler.go:170.2,171.62 2 0
github.com/nitishgalaxy/go-rest-api/handlers/usersHandler.go:148.23,150.3 1 0
github.com/nitishgalaxy/go-rest-api/handlers/usersHandler.go:154.16,155.31 1 0
github.com/nitishgalaxy/go-rest-api/handlers/usersHandler.go:160.3,161.9 2 0
github.com/nitishgalaxy/go-rest-api/handlers/usersHandler.go:155.31,158.4 2 0
github.com/nitishgalaxy/go-rest-api/handlers/usersHandler.go:164.33,167.3 2 0
github.com/nitishgalaxy/go-rest-api/handlers/usersHandler.go:174.79,178.16 2 0
github.com/nitishgalaxy/go-rest-api/handlers/usersHandler.go:188.2,190.30 3 0
github.com/nitishgalaxy/go-rest-api/handlers/usersHandler.go:178.16,179.31 1 0
github.com/nitishgalaxy/go-rest-api/handlers/usersHandler.go:184.3,185.9 2 0
github.com/nitishgalaxy/go-rest-api/handlers/usersHandler.go:179.31,182.4 2 0
github.com/nitishgalaxy/go-rest-api/handlers/usersRouter.go:11.58,16.22 3 0
github.com/nitishgalaxy/go-rest-api/handlers/usersRouter.go:40.2,42.31 2 0
github.com/nitishgalaxy/go-rest-api/handlers/usersRouter.go:47.2,49.18 2 0
github.com/nitishgalaxy/go-rest-api/handlers/usersRouter.go:16.22,17.19 1 0
github.com/nitishgalaxy/go-rest-api/handlers/usersRouter.go:18.23,20.10 2 0
github.com/nitishgalaxy/go-rest-api/handlers/usersRouter.go:22.24,24.10 2 0
github.com/nitishgalaxy/go-rest-api/handlers/usersRouter.go:26.24,28.10 2 0
github.com/nitishgalaxy/go-rest-api/handlers/usersRouter.go:30.27,32.10 2 0
github.com/nitishgalaxy/go-rest-api/handlers/usersRouter.go:34.11,36.10 2 0
github.com/nitishgalaxy/go-rest-api/handlers/usersRouter.go:42.31,45.3 2 0
github.com/nitishgalaxy/go-rest-api/handlers/usersRouter.go:50.22,52.9 2 0
github.com/nitishgalaxy/go-rest-api/handlers/usersRouter.go:54.23,56.9 2 0
github.com/nitishgalaxy/go-rest-api/handlers/usersRouter.go:58.22,60.9 2 0
github.com/nitishgalaxy/go-rest-api/handlers/usersRouter.go:62.24,64.9 2 0
github.com/nitishgalaxy/go-rest-api/handlers/usersRouter.go:66.25,68.9 2 0
github.com/nitishgalaxy/go-rest-api/handlers/usersRouter.go:70.26,72.9 2 0
github.com/nitishgalaxy/go-rest-api/handlers/usersRouter.go:74.10,75.9 1 0
github.com/nitishgalaxy/go-rest-api/handlers/responses.go:11.49,13.2 1 0
github.com/nitishgalaxy/go-rest-api/handlers/responses.go:15.78,16.20 1 0
github.com/nitishgalaxy/go-rest-api/handlers/responses.go:30.2,31.40 2 0
github.com/nitishgalaxy/go-rest-api/handlers/responses.go:16.20,19.17 2 0
github.com/nitishgalaxy/go-rest-api/handlers/responses.go:24.3,27.9 4 0
github.com/nitishgalaxy/go-rest-api/handlers/responses.go:19.17,22.4 2 0
github.com/nitishgalaxy/go-rest-api/handlers/responses.go:35.89,38.2 2 0
github.com/nitishgalaxy/go-rest-api/handlers/rootHandler.go:5.58,7.23 1 0
github.com/nitishgalaxy/go-rest-api/handlers/rootHandler.go:13.2,14.37 2 0
github.com/nitishgalaxy/go-rest-api/handlers/rootHandler.go:7.23,11.3 3 0
github.com/nitishgalaxy/go-rest-api/user/user.go:26.28,30.16 2 1
github.com/nitishgalaxy/go-rest-api/user/user.go:34.2,38.16 4 1
github.com/nitishgalaxy/go-rest-api/user/user.go:42.2,42.19 1 1
github.com/nitishgalaxy/go-rest-api/user/user.go:30.16,32.3 1 0
github.com/nitishgalaxy/go-rest-api/user/user.go:38.16,40.3 1 0
github.com/nitishgalaxy/go-rest-api/user/user.go:46.43,50.16 2 1
github.com/nitishgalaxy/go-rest-api/user/user.go:54.2,58.16 4 1
github.com/nitishgalaxy/go-rest-api/user/user.go:62.2,62.18 1 1
github.com/nitishgalaxy/go-rest-api/user/user.go:50.16,52.3 1 0
github.com/nitishgalaxy/go-rest-api/user/user.go:58.16,60.3 1 1
github.com/nitishgalaxy/go-rest-api/user/user.go:66.37,70.16 2 1
github.com/nitishgalaxy/go-rest-api/user/user.go:74.2,80.16 4 1
github.com/nitishgalaxy/go-rest-api/user/user.go:84.2,84.30 1 1
github.com/nitishgalaxy/go-rest-api/user/user.go:70.16,72.3 1 0
github.com/nitishgalaxy/go-rest-api/user/user.go:80.16,82.3 1 0
github.com/nitishgalaxy/go-rest-api/user/user.go:88.32,90.40 1 1
github.com/nitishgalaxy/go-rest-api/user/user.go:95.2,97.16 2 1
github.com/nitishgalaxy/go-rest-api/user/user.go:101.2,103.22 2 1
github.com/nitishgalaxy/go-rest-api/user/user.go:90.40,92.3 1 0
github.com/nitishgalaxy/go-rest-api/user/user.go:97.16,99.3 1 0
github.com/nitishgalaxy/go-rest-api/user/user.go:107.36,108.21 1 1
github.com/nitishgalaxy/go-rest-api/user/user.go:112.2,112.12 1 1
github.com/nitishgalaxy/go-rest-api/user/user.go:108.21,110.3 1 0
